0 info it worked if it ends with ok
1 verbose cli [ 'F:\\Nodejs\\node.exe',
1 verbose cli   'F:\\Nodejs\\node_modules\\npm\\bin\\npm-cli.js',
1 verbose cli   'start' ]
2 info using npm@3.3.12
3 info using node@v5.3.0
4 verbose run-script [ 'prestart', 'start', 'poststart' ]
5 info lifecycle nodeCRM@0.0.0~prestart: nodeCRM@0.0.0
6 silly lifecycle nodeCRM@0.0.0~prestart: no script for prestart, continuing
7 info lifecycle nodeCRM@0.0.0~start: nodeCRM@0.0.0
8 verbose lifecycle nodeCRM@0.0.0~start: unsafe-perm in lifecycle true
9 verbose lifecycle nodeCRM@0.0.0~start: PATH: F:\Nodejs\node_modules\npm\bin\node-gyp-bin;F:\nodejs-admin\admin4n\node_modules\.bin;C:\Users\张小马\bin;C:\Program Files\Git\mingw64\bin;C:\Program Files\Git\usr\local\bin;C:\Program Files\Git\usr\bin;C:\Program Files\Git\usr\bin;C:\Program Files\Git\mingw64\bin;C:\Program Files\Git\usr\bin;C:\Users\张小马\bin;C:\oracle\ora90\bin;C:\WINDOWS\system32;C:\WINDOWS;C:\WINDOWS\System32\Wbem;C:\WINDOWS\System32\WindowsPowerShell\v1.0;C:\Program Files\IDM Computer Solutions\UltraCompare;F:\Nodejs;C:\Program Files\TortoiseSVN\bin;E:\Java\jdk1.7\bin;E:\apache-tomcat-8.0.32\BIN;HOME%\bin;E:\apache-maven-3.3.3\bin;C:\Program Files\Git\cmd;C:\Users\张小马\AppData\Roaming\npm;C:\Program Files\Git\usr\bin\vendor_perl;C:\Program Files\Git\usr\bin\core_perl
10 verbose lifecycle nodeCRM@0.0.0~start: CWD: F:\nodejs-admin\admin4n
11 silly lifecycle nodeCRM@0.0.0~start: Args: [ '/d /s /c', 'node ./bin/www' ]
12 silly lifecycle nodeCRM@0.0.0~start: Returned: code: 1  signal: null
13 info lifecycle nodeCRM@0.0.0~start: Failed to exec start script
14 verbose stack Error: nodeCRM@0.0.0 start: `node ./bin/www`
14 verbose stack Exit status 1
14 verbose stack     at EventEmitter.<anonymous> (F:\Nodejs\node_modules\npm\lib\utils\lifecycle.js:232:16)
14 verbose stack     at emitTwo (events.js:87:13)
14 verbose stack     at EventEmitter.emit (events.js:172:7)
14 verbose stack     at ChildProcess.<anonymous> (F:\Nodejs\node_modules\npm\lib\utils\spawn.js:24:14)
14 verbose stack     at emitTwo (events.js:87:13)
14 verbose stack     at ChildProcess.emit (events.js:172:7)
14 verbose stack     at maybeClose (internal/child_process.js:818:16)
14 verbose stack     at Process.ChildProcess._handle.onexit (internal/child_process.js:211:5)
15 verbose pkgid nodeCRM@0.0.0
16 verbose cwd F:\nodejs-admin\admin4n
17 error Windows_NT 10.0.10240
18 error argv "F:\\Nodejs\\node.exe" "F:\\Nodejs\\node_modules\\npm\\bin\\npm-cli.js" "start"
19 error node v5.3.0
20 error npm  v3.3.12
21 error code ELIFECYCLE
22 error nodeCRM@0.0.0 start: `node ./bin/www`
22 error Exit status 1
23 error Failed at the nodeCRM@0.0.0 start script 'node ./bin/www'.
23 error Make sure you have the latest version of node.js and npm installed.
23 error If you do, this is most likely a problem with the nodeCRM package,
23 error not with npm itself.
23 error Tell the author that this fails on your system:
23 error     node ./bin/www
23 error You can get their info via:
23 error     npm owner ls nodeCRM
23 error There is likely additional logging output above.
24 verbose exit [ 1, true ]
